000 tfi(ti,ti)
001 {
002 dti;
003 i=iv(ivi);
004 ri;
005 };
006 tfi(ti,ti)
007 {
008 dti;
009 dtfi(ti,ti,ti);
010 i=i(i,l,l)vi;
011 ri;
012 };
013 m
014 {
015 dti;
016 dti;
017 dti;
018 dti;
019 dti;
020 dti;
021 dti(ti);
022 i=l;
023 i=l;
024 i=l;
025 i=l;
026 i=i(i,i);
027 i=i(i,i);
028 pl;
029 pi;
030 pi;
031 pi(i);
032 rl;
033 };000 tfi(ti,ti)
001 {
002 dti;
003 i=iv(ivi);
004 ri;
005 };
006 tfi(ti,ti)
007 {
008 dti;
009 dtfi(ti,ti,ti);
010 i=i(i,l,l)vi;
011 ri;
012 };
013 m
014 {
015 dti;
016 dti;
017 dti;
018 dti;
019 dti;
020 dti;
021 dti(ti);
022 i=l;
023 i=l;
024 i=l;
025 i=l;
026 i=i(i,i);
027 i=i(i,i);
028 pl;
029 pi;
030 pi;
031 pi(i);
032 rl;
033 };000 tfi(ti,ti)
001 {
002 dti;
003 i=iv(ivi);
004 ri;
005 };
006 tfi(ti,ti)
007 {
008 dti;
009 dtfi(ti,ti,ti);
010 i=i(i,l,l)vi;
011 ri;
012 };
013 m
014 {
015 dti;
016 dti;
017 dti;
018 dti;
019 dti;
020 dti;
021 dti(ti);
022 i=l;
023 i=l;
024 i=l;
025 i=l;
026 i=i(i,i);
027 i=i(i,i);
028 pl;
029 pi;
030 pi;
031 pi(i);
032 rl;
033 };000 tfi(ti,ti)
001 {
002 dti;
003 i=iv(ivi);
004 ri;
005 };
006 tfi(ti,ti)
007 {
008 dti;
009 dtfi(ti,ti,ti);
010 i=i(i,l,l)vi;
011 ri;
012 };
013 m
014 {
015 dti;
016 dti;
017 dti;
018 dti;
019 dti;
020 dti;
021 dti(ti);
022 i=l;
023 i=l;
024 i=l;
025 i=l;
026 i=i(i,i);
027 i=i(i,i);
028 pl;
029 pi;
030 pi;
031 pi(i);
032 rl;
033 };000 tfi(ti,ti)
001 {
002 dti;
003 i=iv(ivi);
004 ri;
005 };
006 tfi(ti,ti)
007 {
008 dti;
009 dtfi(ti,ti,ti);
010 i=i(i,l,l)vi;
011 ri;
012 };
013 m
014 {
015 dti;
016 dti;
017 dti;
018 dti;
019 dti;
020 dti;
021 dtfi(ti);
022 i=l;
023 i=l;
024 i=l;
025 i=l;
026 i=i(i,i);
027 i=i(i,i);
028 pl;
029 pi;
030 pi;
031 pi(i);
032 rl;
033 };000 tfi(ti,ti)
001 {
002 dti;
003 i=iv(ivi);
004 ri;
005 };
006 tfi(ti,ti)
007 {
008 dti;
009 dtfi(ti,ti,ti);
010 i=i(i,l,l)vi;
011 ri;
012 };
013 m
014 {
015 dti;
016 dti;
017 dti;
018 dti;
019 dti;
020 dti;
021 dti(ti);
022 i=l;
023 i=l;
024 i=l;
025 i=l;
026 i=i(i,i);
027 i=i(i,i);
028 pl;
029 pi;
030 pi;
031 pi(i);
032 rl;
033 };000 tfi(ti,ti)
001 {
002 dti;
003 i=iv(ivi);
004 ri;
005 };
006 tfi(ti,ti)
007 {
008 dti;
009 dtfi(ti,ti,ti);
010 i=i(i,l,l)vi;
011 ri;
012 };
013 m
014 {
015 dti;
016 dti;
017 dti;
018 dti;
019 dti;
020 dti;
021 dtfi(ti);
022 i=l;
023 i=l;
024 i=l;
025 i=l;
026 i=i(i,i);
027 i=i(i,i);
028 pl;
029 pi;
030 pi;
031 pi(i);
032 rl;
033 };000 tfi(ti,ti)
001 {
002 dti;
003 i=iv(ivi);
004 ri;
005 };
006 tfi(ti,ti)
007 {
008 dti;
009 dtfi(ti,ti,ti);
010 i=i(i,l,l)vi;
011 ri;
012 };
013 m
014 {
015 dti;
016 dti;
017 dti;
018 dti;
019 dti;
020 dti;
021 dtfi(ti);
022 i=l;
023 i=l;
024 i=l;
025 i=l;
026 i=i(i,i);
027 i=i(i,i);
028 pl;
029 pi;
030 pi;
031 pi(i);
032 rl;
033 };000 tfi(ti,ti)
001 {
002 dti;
003 i=iv(ivi);
004 ri;
005 };
006 tfi(ti,ti)
007 {
008 dti;
009 dtfi(ti,ti,ti);
010 i=i(i,l,l)vi;
011 ri;
012 };
013 m
014 {
015 dti;
016 dti;
017 dti;
018 dti;
019 dti;
020 dti;
021 dtfi(ti);
022 i=l;
023 i=l;
024 i=l;
025 i=l;
026 i=i(i,i);
027 i=i(i,i);
028 pl;
029 pi;
030 pi;
031 pi(i);
032 rl;
033 };000 tfi(ti,ti)
001 {
002 dti;
003 i=iv(ivi);
004 ri;
005 };
006 tfi(ti,ti)
007 {
008 dti;
009 dtfi(ti,ti,ti);
010 i=i(i,l,l)vi;
011 ri;
012 };
013 m
014 {
015 dti;
016 dti;
017 dti;
018 dti;
019 dti;
020 dti;
021 dti(ti);
022 i=l;
023 i=l;
024 i=l;
025 i=l;
026 i=i(i,i);
027 i=i(i,i);
028 pl;
029 pi;
030 pi;
031 pi(i);
032 rl;
033 };000 tfi(ti,ti)
001 {
002 dti;
003 i=iv(ivi);
004 ri;
005 };
006 tfi(ti,ti)
007 {
008 dti;
009 dtfi(ti,ti,ti);
010 i=i(i,l,l)vi;
011 ri;
012 };
013 m
014 {
015 dti;
016 dti;
017 dti;
018 dti;
019 dti;
020 dti;
021 dtfi(ti);
022 i=l;
023 i=l;
024 i=l;
025 i=l;
026 i=i(i,i);
027 i=i(i,i);
028 pl;
029 pi;
030 pi;
031 pi(i);
032 rl;
033 };000 tfi(ti,ti)
001 {
002 dti;
003 i=iv(ivi);
004 ri;
005 };
006 tfti(ti,ti)
007 {
008 dti;
009 dtfi(ti,ti,ti);
010 i=i(i,l,l)vi;
011 ri;
012 };
013 m
014 {
015 dti;
016 dti;
017 dti;
018 dti;
019 dti;
020 dti;
021 dtfi(ti);
022 i=l;
023 i=l;
024 i=l;
025 i=l;
026 i=i(i,i);
027 i=i(i,i);
028 pl;
029 pi;
030 pi;
031 pi(i);
032 rl;
033 };000 tfi(ti,ti)
001 {
002 dti;
003 i=iv(ivi);
004 ri;
005 };
006 tfi(ti,ti)
007 {
008 dti;
009 dtfi(ti,ti,ti);
010 i=i(i,l,l)vi;
011 ri;
012 };
013 m
014 {
015 dti;
016 dti;
017 dti;
018 dti;
019 dti;
020 dti;
021 dti(ti);
022 i=l;
023 i=l;
024 i=l;
025 i=l;
026 i=i(i,i);
027 i=i(i,i);
028 pl;
029 pi;
030 pi;
031 pi(i);
032 rl;
033 };000 tfi(ti,ti)
001 {
002 dti;
003 i=iv(ivi);
004 ri;
005 };
006 tfi(ti,ti)
007 {
008 dti;
009 dtfi(ti,ti,ti);
010 i=i(i,l,l)vi;
011 ri;
012 };
013 m
014 {
015 dti;
016 dti;
017 dti;
018 dti;
019 dti;
020 dti;
021 dtfi(ti);
022 i=l;
023 i=l;
024 i=l;
025 i=l;
026 i=i(i,i);
027 i=i(i,i);
028 pl;
029 pi;
030 pi;
031 pi(i);
032 rl;
033 };000 tfi(ti,ti)
001 {
002 dti;
003 i=iv(ivi);
004 ri;
005 };
006 tfi(ti,ti)
007 {
008 dti;
009 dtfi(ti,ti,ti);
010 i=i(i,l,l)vi;
011 ri;
012 };
013 m
014 {
015 dti;
016 dti;
017 dti;
018 dti;
019 dti;
020 dti;
021 dti(ti);
022 i=l;
023 i=l;
024 i=l;
025 i=l;
026 i=i(i,i);
027 i=i(i,i);
028 pl;
029 pi;
030 pi;
031 pi(i);
032 rl;
033 };000 tfi(ti,ti)
001 {
002 dti;
003 i=iv(ivi);
004 ri;
005 };
006 tfi(ti,ti)
007 {
008 dti;
009 dtfi(ti,ti,ti);
010 i=i(i,l,l)vi
011 ri;
012 };
013 m
014 {
015 dti;
016 dti;
017 dti;
018 dti;
019 dti;
020 dti;
021 dtfi(ti);
022 i=l;
023 i=l;
024 i=l;
025 i=l;
026 i=i(i,i);
027 i=i(i,i);
028 pl;
029 pi;
030 pi;
031 pi(i);
032 rl;
033 };